<?xml version="1.0" encoding="UTF-8"?>
<beans xmlns="http://www.springframework.org/schema/beans"
	xmlns:xsi="http://www.w3.org/2001/XMLSchema-instance"
	xmlns:context="http://www.springframework.org/schema/context"
	xmlns:mvc="http://www.springframework.org/schema/mvc"
	xmlns:p="http://www.springframework.org/schema/p"
	xsi:schemaLocation="http://www.springframework.org/schema/mvc http://www.springframework.org/schema/mvc/spring-mvc.xsd
		http://www.springframework.org/schema/beans http://www.springframework.org/schema/beans/spring-beans.xsd
		http://www.springframework.org/schema/context http://www.springframework.org/schema/context/spring-context.xsd">

	<!-- net.test.web package안에 있는 controller를 찾의라는 의미(@Controller) -->
	<context:component-scan base-package="net.test.web" />
	
	<!-- controller를 annotation 기반으로 셋팅하겠다는 의미 -->
	<mvc:annotation-driven />
	
	<mvc:resources location="/images/" mapping="/images/**" />
	<mvc:resources location="/stylesheets/" mapping="/stylesheets/**" />
	<mvc:resources location="/javascripts/" mapping="/javscripts/**" />
	
	<bean id="viewResolver" class="org.springframework.web.servlet.view.InternalResourceViewResolver" 
		p:prefix="/WEB-INF/jsp/" p:suffix=".jsp" />
		
	<bean id="messageSource" class="org.springframework.context.support.ResourceBundleMessageSource" 
		p:basename="messages"
		p:defaultEncoding="UTF-8" />
</beans>
